12410 execve("./cvechecker", ["./cvechecker", "-rC"], [/* 37 vars */]) = 0
12410 brk(0)                            = 0x44365b65310
12410 mmap(NULL, 4096, PROT_READ|PROT_WRITE, MAP_PRIVATE|MAP_ANONYMOUS, -1, 0) = 0x7793fd291000
12410 access("/etc/ld.so.preload", R_OK) = -1 ENOENT (No such file or directory)
12410 open("/etc/ld.so.cache", O_RDONLY) = 3
12410 fstat(3, {st_mode=S_IFREG|0644, st_size=149589, ...}) = 0
12410 mmap(NULL, 149589, PROT_READ, MAP_PRIVATE, 3, 0) = 0x7793fd26c000
12410 close(3)                          = 0
12410 open("/usr/lib/libconfig.so.8", O_RDONLY) = 3
12410 read(3, "\177ELF\2\1\1\0\0\0\0\0\0\0\0\0\3\0>\0\1\0\0\0\2600\0\0\0\0\0\0"..., 832) = 832
12410 fstat(3, {st_mode=S_IFREG|0755, st_size=42760, ...}) = 0
12410 mmap(NULL, 2138136, PROT_READ|PROT_EXEC, MAP_PRIVATE|MAP_DENYWRITE, 3, 0) = 0x7793fce6b000
12410 mprotect(0x7793fce75000, 2093056, PROT_NONE) = 0
12410 mmap(0x7793fd074000, 8192, PROT_READ|PROT_WRITE, MAP_PRIVATE|MAP_FIXED|MAP_DENYWRITE, 3, 0x9000) = 0x7793fd074000
12410 close(3)                          = 0
12410 open("/usr/lib/libsqlite3.so.0", O_RDONLY) = 3
12410 read(3, "\177ELF\2\1\1\0\0\0\0\0\0\0\0\0\3\0>\0\1\0\0\0\220\337\0\0\0\0\0\0"..., 832) = 832
12410 fstat(3, {st_mode=S_IFREG|0755, st_size=924880, ...}) = 0
12410 mmap(NULL, 3022920, PROT_READ|PROT_EXEC, MAP_PRIVATE|MAP_DENYWRITE, 3, 0) = 0x7793fcb88000
12410 mprotect(0x7793fcc65000, 2093056, PROT_NONE) = 0
12410 mmap(0x7793fce64000, 24576, PROT_READ|PROT_WRITE, MAP_PRIVATE|MAP_FIXED|MAP_DENYWRITE, 3, 0xdc000) = 0x7793fce64000
12410 mmap(0x7793fce6a000, 72, PROT_READ|PROT_WRITE, MAP_PRIVATE|MAP_FIXED|MAP_ANONYMOUS, -1, 0) = 0x7793fce6a000
12410 close(3)                          = 0
12410 open("/usr/lib/libmysqlclient.so.16", O_RDONLY) = 3
12410 read(3, "\177ELF\2\1\1\0\0\0\0\0\0\0\0\0\3\0>\0\1\0\0\0\20\\\1\0\0\0\0\0"..., 832) = 832
12410 fstat(3, {st_mode=S_IFREG|0755, st_size=533064, ...}) = 0
12410 mmap(NULL, 4096, PROT_READ|PROT_WRITE, MAP_PRIVATE|MAP_ANONYMOUS, -1, 0) = 0x7793fd26b000
12410 mmap(NULL, 2633512, PROT_READ|PROT_EXEC, MAP_PRIVATE|MAP_DENYWRITE, 3, 0) = 0x7793fc905000
12410 mprotect(0x7793fc95a000, 2093056, PROT_NONE) = 0
12410 mmap(0x7793fcb59000, 188416, PROT_READ|PROT_WRITE, MAP_PRIVATE|MAP_FIXED|MAP_DENYWRITE, 3, 0x54000) = 0x7793fcb59000
12410 mmap(0x7793fcb87000, 3880, PROT_READ|PROT_WRITE, MAP_PRIVATE|MAP_FIXED|MAP_ANONYMOUS, -1, 0) = 0x7793fcb87000
12410 close(3)                          = 0
12410 open("/lib/libc.so.6", O_RDONLY)  = 3
12410 read(3, "\177ELF\2\1\1\0\0\0\0\0\0\0\0\0\3\0>\0\1\0\0\0\20\355\1\0\0\0\0\0"..., 832) = 832
12410 fstat(3, {st_mode=S_IFREG|0755, st_size=1408040, ...}) = 0
12410 mmap(NULL, 3517224, PROT_READ|PROT_EXEC, MAP_PRIVATE|MAP_DENYWRITE, 3, 0) = 0x7793fc5aa000
12410 mprotect(0x7793fc6fb000, 2097152, PROT_NONE) = 0
12410 mmap(0x7793fc8fb000, 20480, PROT_READ|PROT_WRITE, MAP_PRIVATE|MAP_FIXED|MAP_DENYWRITE, 3, 0x151000) = 0x7793fc8fb000
12410 mmap(0x7793fc900000, 19240, PROT_READ|PROT_WRITE, MAP_PRIVATE|MAP_FIXED|MAP_ANONYMOUS, -1, 0) = 0x7793fc900000
12410 close(3)                          = 0
12410 open("/lib/libdl.so.2", O_RDONLY) = 3
12410 read(3, "\177ELF\2\1\1\0\0\0\0\0\0\0\0\0\3\0>\0\1\0\0\0\360\r\0\0\0\0\0\0"..., 832) = 832
12410 fstat(3, {st_mode=S_IFREG|0755, st_size=14320, ...}) = 0
12410 mmap(NULL, 2109600, PROT_READ|PROT_EXEC, MAP_PRIVATE|MAP_DENYWRITE, 3, 0) = 0x7793fc3a6000
12410 mprotect(0x7793fc3a8000, 2097152, PROT_NONE) = 0
12410 mmap(0x7793fc5a8000, 8192, PROT_READ|PROT_WRITE, MAP_PRIVATE|MAP_FIXED|MAP_DENYWRITE, 3, 0x2000) = 0x7793fc5a8000
12410 close(3)                          = 0
12410 open("/lib/libpthread.so.0", O_RDONLY) = 3
12410 read(3, "\177ELF\2\1\1\0\0\0\0\0\0\0\0\0\3\0>\0\1\0\0\0\20Z\0\0\0\0\0\0"..., 832) = 832
12410 fstat(3, {st_mode=S_IFREG|0755, st_size=130300, ...}) = 0
12410 mmap(NULL, 4096, PROT_READ|PROT_WRITE, MAP_PRIVATE|MAP_ANONYMOUS, -1, 0) = 0x7793fd26a000
12410 mmap(NULL, 2208096, PROT_READ|PROT_EXEC, MAP_PRIVATE|MAP_DENYWRITE, 3, 0) = 0x7793fc18a000
12410 mprotect(0x7793fc1a1000, 2093056, PROT_NONE) = 0
12410 mmap(0x7793fc3a0000, 8192, PROT_READ|PROT_WRITE, MAP_PRIVATE|MAP_FIXED|MAP_DENYWRITE, 3, 0x16000) = 0x7793fc3a0000
12410 mmap(0x7793fc3a2000, 12640, PROT_READ|PROT_WRITE, MAP_PRIVATE|MAP_FIXED|MAP_ANONYMOUS, -1, 0) = 0x7793fc3a2000
12410 close(3)                          = 0
12410 open("/lib/libm.so.6", O_RDONLY)  = 3
12410 read(3, "\177ELF\2\1\1\0\0\0\0\0\0\0\0\0\3\0>\0\1\0\0\0\200>\0\0\0\0\0\0"..., 832) = 832
12410 fstat(3, {st_mode=S_IFREG|0755, st_size=526288, ...}) = 0
12410 mmap(NULL, 2621576, PROT_READ|PROT_EXEC, MAP_PRIVATE|MAP_DENYWRITE, 3, 0) = 0x7793fbf09000
12410 mprotect(0x7793fbf89000, 2093056, PROT_NONE) = 0
12410 mmap(0x7793fc188000, 8192, PROT_READ|PROT_WRITE, MAP_PRIVATE|MAP_FIXED|MAP_DENYWRITE, 3, 0x7f000) = 0x7793fc188000
12410 close(3)                          = 0
12410 open("/lib/libz.so.1", O_RDONLY)  = 3
12410 read(3, "\177ELF\2\1\1\0\0\0\0\0\0\0\0\0\3\0>\0\1\0\0\0\340#\0\0\0\0\0\0"..., 832) = 832
12410 fstat(3, {st_mode=S_IFREG|0755, st_size=100304, ...}) = 0
12410 mmap(NULL, 2195600, PROT_READ|PROT_EXEC, MAP_PRIVATE|MAP_DENYWRITE, 3, 0) = 0x7793fbcf0000
12410 mprotect(0x7793fbd08000, 2093056, PROT_NONE) = 0
12410 mmap(0x7793fbf07000, 8192, PROT_READ|PROT_WRITE, MAP_PRIVATE|MAP_FIXED|MAP_DENYWRITE, 3, 0x17000) = 0x7793fbf07000
12410 close(3)                          = 0
12410 mmap(NULL, 4096, PROT_READ|PROT_WRITE, MAP_PRIVATE|MAP_ANONYMOUS, -1, 0) = 0x7793fd269000
12410 mmap(NULL, 4096, PROT_READ|PROT_WRITE, MAP_PRIVATE|MAP_ANONYMOUS, -1, 0) = 0x7793fd268000
12410 mmap(NULL, 4096, PROT_READ|PROT_WRITE, MAP_PRIVATE|MAP_ANONYMOUS, -1, 0) = 0x7793fd267000
12410 arch_prctl(ARCH_SET_FS, 0x7793fd268700) = 0
12410 mprotect(0x7793fbf07000, 4096, PROT_READ) = 0
12410 mprotect(0x7793fc188000, 4096, PROT_READ) = 0
12410 mprotect(0x7793fc3a0000, 4096, PROT_READ) = 0
12410 mprotect(0x7793fc5a8000, 4096, PROT_READ) = 0
12410 mprotect(0x7793fc8fb000, 16384, PROT_READ) = 0
12410 mprotect(0x7793fcb59000, 12288, PROT_READ) = 0
12410 mprotect(0x7793fce64000, 16384, PROT_READ) = 0
12410 mprotect(0x7793fd074000, 4096, PROT_READ) = 0
12410 mprotect(0x44365b5d000, 4096, PROT_READ) = 0
12410 mprotect(0x7793fd293000, 4096, PROT_READ) = 0
12410 munmap(0x7793fd26c000, 149589)    = 0
12410 set_tid_address(0x7793fd2689d0)   = 12410
12410 set_robust_list(0x7793fd2689e0, 0x18) = 0
12410 futex(0x7d7450d3e3dc, FUTEX_WAKE_PRIVATE, 1) = 0
12410 futex(0x7d7450d3e3dc, FUTEX_WAIT_BITSET_PRIVATE|FUTEX_CLOCK_REALTIME, 1, NULL, 7793fd268700) = -1 EAGAIN (Resource temporarily unavailable)
12410 rt_sigaction(SIGRTMIN, {0x7793fc18f890, [], SA_RESTORER|SA_SIGINFO, 0x7793fc199120}, NULL, 8) = 0
12410 rt_sigaction(SIGRT_1, {0x7793fc18f920, [], SA_RESTORER|SA_RESTART|SA_SIGINFO, 0x7793fc199120}, NULL, 8) = 0
12410 rt_sigprocmask(SIG_UNBLOCK, [RTMIN RT_1], NULL, 8) = 0
12410 getrlimit(RLIMIT_STACK, {rlim_cur=8192*1024, rlim_max=RLIM_INFINITY}) = 0
12410 brk(0)                            = 0x44365b65310
12410 brk(0x44365b86310)                = 0x44365b86310
12410 brk(0x44365b87000)                = 0x44365b87000
12410 open("/home/swift/.cvechecker.rc", O_RDONLY) = 3
12410 ioctl(3, SNDCTL_TMR_TIMEBASE or TCGETS, 0x7d7450d3ddd0) = -1 ENOTTY (Inappropriate ioctl for device)
12410 fstat(3, {st_mode=S_IFREG|0644, st_size=556, ...}) = 0
12410 mmap(NULL, 4096, PROT_READ|PROT_WRITE, MAP_PRIVATE|MAP_ANONYMOUS, -1, 0) = 0x7793fd290000
12410 read(3, "#\n# Generic settings\n# \n\n#dbtype"..., 8192) = 556
12410 read(3, "", 4096)                 = 0
12410 read(3, "", 8192)                 = 0
12410 ioctl(3, SNDCTL_TMR_TIMEBASE or TCGETS, 0x7d7450d3d490) = -1 ENOTTY (Inappropriate ioctl for device)
12410 close(3)                          = 0
12410 munmap(0x7793fd290000, 4096)      = 0
12410 uname({sys="Linux", node="hpl", ...}) = 0
12410 socket(PF_FILE, SOCK_STREAM|SOCK_CLOEXEC|SOCK_NONBLOCK, 0) = 3
12410 connect(3, {sa_family=AF_FILE, path="/var/run/nscd/socket"}, 110) = -1 ENOENT (No such file or directory)
12410 close(3)                          = 0
12410 socket(PF_FILE, SOCK_STREAM|SOCK_CLOEXEC|SOCK_NONBLOCK, 0) = 3
12410 connect(3, {sa_family=AF_FILE, path="/var/run/nscd/socket"}, 110) = -1 ENOENT (No such file or directory)
12410 close(3)                          = 0
12410 open("/etc/nsswitch.conf", O_RDONLY) = 3
12410 fstat(3, {st_mode=S_IFREG|0644, st_size=508, ...}) = 0
12410 mmap(NULL, 4096, PROT_READ|PROT_WRITE, MAP_PRIVATE|MAP_ANONYMOUS, -1, 0) = 0x7793fd290000
12410 read(3, "# /etc/nsswitch.conf:\n# $Header:"..., 4096) = 508
12410 read(3, "", 4096)                 = 0
12410 close(3)                          = 0
12410 munmap(0x7793fd290000, 4096)      = 0
12410 open("/etc/ld.so.cache", O_RDONLY) = 3
12410 fstat(3, {st_mode=S_IFREG|0644, st_size=149589, ...}) = 0
12410 mmap(NULL, 149589, PROT_READ, MAP_PRIVATE, 3, 0) = 0x7793fd26c000
12410 close(3)                          = 0
12410 open("/lib64/tls/x86_64/libnss_db.so.2", O_RDONLY) = -1 ENOENT (No such file or directory)
12410 stat("/lib64/tls/x86_64", 0x7d7450d3d490) = -1 ENOENT (No such file or directory)
12410 open("/lib64/tls/libnss_db.so.2", O_RDONLY) = -1 ENOENT (No such file or directory)
12410 stat("/lib64/tls", 0x7d7450d3d490) = -1 ENOENT (No such file or directory)
12410 open("/lib64/x86_64/libnss_db.so.2", O_RDONLY) = -1 ENOENT (No such file or directory)
12410 stat("/lib64/x86_64", 0x7d7450d3d490) = -1 ENOENT (No such file or directory)
12410 open("/lib64/libnss_db.so.2", O_RDONLY) = -1 ENOENT (No such file or directory)
12410 stat("/lib64", {st_mode=S_IFDIR|0755, st_size=12288, ...}) = 0
12410 open("/usr/lib64/tls/x86_64/libnss_db.so.2", O_RDONLY) = -1 ENOENT (No such file or directory)
12410 stat("/usr/lib64/tls/x86_64", 0x7d7450d3d490) = -1 ENOENT (No such file or directory)
12410 open("/usr/lib64/tls/libnss_db.so.2", O_RDONLY) = -1 ENOENT (No such file or directory)
12410 stat("/usr/lib64/tls", 0x7d7450d3d490) = -1 ENOENT (No such file or directory)
12410 open("/usr/lib64/x86_64/libnss_db.so.2", O_RDONLY) = -1 ENOENT (No such file or directory)
12410 stat("/usr/lib64/x86_64", 0x7d7450d3d490) = -1 ENOENT (No such file or directory)
12410 open("/usr/lib64/libnss_db.so.2", O_RDONLY) = -1 ENOENT (No such file or directory)
12410 stat("/usr/lib64", {st_mode=S_IFDIR|0755, st_size=86016, ...}) = 0
12410 munmap(0x7793fd26c000, 149589)    = 0
12410 open("/etc/ld.so.cache", O_RDONLY) = 3
12410 fstat(3, {st_mode=S_IFREG|0644, st_size=149589, ...}) = 0
12410 mmap(NULL, 149589, PROT_READ, MAP_PRIVATE, 3, 0) = 0x7793fd26c000
12410 close(3)                          = 0
12410 open("/lib/libnss_files.so.2", O_RDONLY) = 3
12410 read(3, "\177ELF\2\1\1\0\0\0\0\0\0\0\0\0\3\0>\0\1\0\0\0p!\0\0\0\0\0\0"..., 832) = 832
12410 fstat(3, {st_mode=S_IFREG|0755, st_size=51104, ...}) = 0
12410 mmap(NULL, 2147408, PROT_READ|PROT_EXEC, MAP_PRIVATE|MAP_DENYWRITE, 3, 0) = 0x7793fbae3000
12410 mprotect(0x7793fbaee000, 2097152, PROT_NONE) = 0
12410 mmap(0x7793fbcee000, 8192, PROT_READ|PROT_WRITE, MAP_PRIVATE|MAP_FIXED|MAP_DENYWRITE, 3, 0xb000) = 0x7793fbcee000
12410 close(3)                          = 0
12410 mprotect(0x7793fbcee000, 4096, PROT_READ) = 0
12410 munmap(0x7793fd26c000, 149589)    = 0
12410 open("/etc/services", O_RDONLY|O_CLOEXEC) = 3
12410 fcntl(3, F_GETFD)                 = 0x1 (flags FD_CLOEXEC)
12410 fstat(3, {st_mode=S_IFREG|0644, st_size=35989, ...}) = 0
12410 mmap(NULL, 4096, PROT_READ|PROT_WRITE, MAP_PRIVATE|MAP_ANONYMOUS, -1, 0) = 0x7793fd290000
12410 read(3, "# /etc/services\n#\n# Network serv"..., 4096) = 4096
12410 read(3, " private\t77/tcp\t\t\t\t# any private"..., 4096) = 4096
12410 read(3, "e\nemfis-cntl\t141/udp\nimap\t\t143/t"..., 4096) = 4096
12410 read(3, "dialog\t360/tcp\t\t\t\t# scoi2odialog"..., 4096) = 4096
12410 read(3, "\t\tdqs313_intercell\ncryptoadmin\t6"..., 4096) = 4096
12410 read(3, "# Citrix ICA Client\nica\t\t1494/ud"..., 4096) = 4096
12410 read(3, "05/udp\nlstp\t\t2559/tcp\t\t\t# \nlstp\t"..., 4096) = 4096
12410 close(3)                          = 0
12410 munmap(0x7793fd290000, 4096)      = 0
12410 rt_sigaction(SIGPIPE, {SIG_IGN, [PIPE], SA_RESTORER|SA_RESTART, 0x7793fc5dc1e0}, {SIG_DFL, [], 0}, 8) = 0
12410 write(2, "Configuration file does not cont"..., 60) = 60
12410 exit_group(1)                     = ?
